  [1m[35m (0.2ms)[0m  [1m[34mSELECT sqlite_version(*)[0m
  ↳ bin/rails:9
  [1m[35m (99.6ms)[0m  [1m[35mCREATE TABLE "schema_migrations" ("version" varchar NOT NULL PRIMARY KEY)[0m
  ↳ bin/rails:9
  [1m[35m (95.1ms)[0m  [1m[35mCREATE TABLE "ar_internal_metadata" ("key" varchar NOT NULL PRIMARY KEY, "value" varchar, "created_at" datetime NOT NULL, "updated_at" datetime NOT NULL)[0m
  ↳ bin/rails:9
  [1m[35m (0.3ms)[0m  [1m[34mSELECT "schema_migrations"."version" FROM "schema_migrations" ORDER BY "schema_migrations"."version" ASC[0m
  ↳ bin/rails:9
Migrating to CreateUsers (20180926170043)
  [1m[35m (0.1ms)[0m  [1m[36mbegin transaction[0m
  ↳ bin/rails:9
  [1m[35m (0.6ms)[0m  [1m[35mCREATE TABLE "users" ("id" integer PRIMARY KEY AUTOINCREMENT NOT NULL, "name" varchar, "email" varchar, "created_at" datetime NOT NULL, "updated_at" datetime NOT NULL)[0m
  ↳ db/migrate/20180926170043_create_users.rb:3
  [1m[36mActiveRecord::SchemaMigration Create (0.6ms)[0m  [1m[32mINSERT INTO "schema_migrations" ("version") VALUES (?)[0m  [["version", "20180926170043"]]
  ↳ bin/rails:9
  [1m[35m (92.5ms)[0m  [1m[36mcommit transaction[0m
  ↳ bin/rails:9
  [1m[36mActiveRecord::InternalMetadata Load (0.3ms)[0m  [1m[34mSELECT  "ar_internal_metadata".* FROM "ar_internal_metadata" WHERE "ar_internal_metadata"."key" = ? LIMIT ?[0m  [["key", "environment"], ["LIMIT", 1]]
  ↳ bin/rails:9
  [1m[35m (0.1ms)[0m  [1m[36mbegin transaction[0m
  ↳ bin/rails:9
  [1m[36mActiveRecord::InternalMetadata Create (1.1ms)[0m  [1m[32mINSERT INTO "ar_internal_metadata" ("key", "value", "created_at", "updated_at") VALUES (?, ?, ?, ?)[0m  [["key", "environment"], ["value", "development"], ["created_at", "2018-09-26 17:01:02.862524"], ["updated_at", "2018-09-26 17:01:02.862524"]]
  ↳ bin/rails:9
  [1m[35m (68.4ms)[0m  [1m[36mcommit transaction[0m
  ↳ bin/rails:9
  [1m[35m (0.2ms)[0m  [1m[34mSELECT "schema_migrations"."version" FROM "schema_migrations" ORDER BY "schema_migrations"."version" ASC[0m
  ↳ bin/rails:9
Started GET "/" for 127.0.0.1 at 2018-09-27 00:01:58 +0700
  [1m[35m (0.2ms)[0m  [1m[34mSELECT "schema_migrations"."version" FROM "schema_migrations" ORDER BY "schema_migrations"."version" ASC[0m
  ↳ /home/kieuthuong/.rvm/gems/ruby-2.4.0/gems/activerecord-5.2.1/lib/active_record/log_subscriber.rb:98
Processing by Rails::WelcomeController#index as HTML
  Rendering /home/kieuthuong/.rvm/gems/ruby-2.4.0/gems/railties-5.2.1/lib/rails/templates/rails/welcome/index.html.erb
  Rendered /home/kieuthuong/.rvm/gems/ruby-2.4.0/gems/railties-5.2.1/lib/rails/templates/rails/welcome/index.html.erb (3.6ms)
Completed 200 OK in 20ms (Views: 9.5ms | ActiveRecord: 0.0ms)


Started GET "/users" for 127.0.0.1 at 2018-09-27 00:02:12 +0700
Processing by UsersController#index as HTML
  Rendering users/index.html.erb within layouts/application
  [1m[36mUser Load (0.2ms)[0m  [1m[34mSELECT "users".* FROM "users"[0m
  ↳ app/views/users/index.html.erb:15
  Rendered users/index.html.erb within layouts/application (2.8ms)
Completed 200 OK in 669ms (Views: 658.5ms | ActiveRecord: 0.6ms)


Started GET "/users/new" for 127.0.0.1 at 2018-09-27 00:02:15 +0700
Processing by UsersController#new as HTML
  Rendering users/new.html.erb within layouts/application
  Rendered users/_form.html.erb (14.7ms)
  Rendered users/new.html.erb within layouts/application (16.6ms)
Completed 200 OK in 42ms (Views: 35.2ms | ActiveRecord: 0.5ms)


  [1m[35m (0.2ms)[0m  [1m[34mSELECT "schema_migrations"."version" FROM "schema_migrations" ORDER BY "schema_migrations"."version" ASC[0m
  ↳ bin/rails:9
Migrating to CreateMicroposts (20180926170446)
  [1m[35m (0.1ms)[0m  [1m[36mbegin transaction[0m
  ↳ bin/rails:9
  [1m[35m (0.1ms)[0m  [1m[34mSELECT sqlite_version(*)[0m
  ↳ db/migrate/20180926170446_create_microposts.rb:3
  [1m[35m (0.5ms)[0m  [1m[35mCREATE TABLE "microposts" ("id" integer PRIMARY KEY AUTOINCREMENT NOT NULL, "content" text, "user_id" integer, "created_at" datetime NOT NULL, "updated_at" datetime NOT NULL)[0m
  ↳ db/migrate/20180926170446_create_microposts.rb:3
  [1m[36mActiveRecord::SchemaMigration Create (0.3ms)[0m  [1m[32mINSERT INTO "schema_migrations" ("version") VALUES (?)[0m  [["version", "20180926170446"]]
  ↳ bin/rails:9
  [1m[35m (129.4ms)[0m  [1m[36mcommit transaction[0m
  ↳ bin/rails:9
  [1m[36mActiveRecord::InternalMetadata Load (0.2ms)[0m  [1m[34mSELECT  "ar_internal_metadata".* FROM "ar_internal_metadata" WHERE "ar_internal_metadata"."key" = ? LIMIT ?[0m  [["key", "environment"], ["LIMIT", 1]]
  ↳ bin/rails:9
  [1m[35m (0.1ms)[0m  [1m[36mbegin transaction[0m
  ↳ bin/rails:9
  [1m[35m (0.1ms)[0m  [1m[36mcommit transaction[0m
  ↳ bin/rails:9
  [1m[35m (0.2ms)[0m  [1m[34mSELECT "schema_migrations"."version" FROM "schema_migrations" ORDER BY "schema_migrations"."version" ASC[0m
  ↳ bin/rails:9
Started GET "/microposts" for 127.0.0.1 at 2018-09-27 00:10:38 +0700
  [1m[35m (0.2ms)[0m  [1m[34mSELECT "schema_migrations"."version" FROM "schema_migrations" ORDER BY "schema_migrations"."version" ASC[0m
  ↳ /home/kieuthuong/.rvm/gems/ruby-2.4.0/gems/activerecord-5.2.1/lib/active_record/log_subscriber.rb:98
Processing by MicropostsController#index as HTML
  Rendering microposts/index.html.erb within layouts/application
  [1m[36mMicropost Load (0.2ms)[0m  [1m[34mSELECT "microposts".* FROM "microposts"[0m
  ↳ app/views/microposts/index.html.erb:15
  Rendered microposts/index.html.erb within layouts/application (2.7ms)
Completed 200 OK in 70ms (Views: 63.6ms | ActiveRecord: 0.5ms)


Started GET "/microposts/new" for 127.0.0.1 at 2018-09-27 00:10:40 +0700
Processing by MicropostsController#new as HTML
  Rendering microposts/new.html.erb within layouts/application
  Rendered microposts/_form.html.erb (345.2ms)
  Rendered microposts/new.html.erb within layouts/application (346.9ms)
Completed 200 OK in 391ms (Views: 381.1ms | ActiveRecord: 1.8ms)


Started POST "/microposts" for 127.0.0.1 at 2018-09-27 00:10:49 +0700
Processing by MicropostsController#create as HTML
  Parameters: {"utf8"=>"✓", "authenticity_token"=>"CEH1znmyGwzZRduTMxfO9OJEcnRkpsird8ZtQJK5gG7R4Zs/y1XZImK3OFxV17YnFexY9bLlH/br/XuYOaT1yA==", "micropost"=>{"content"=>"a", "user_id"=>"1"}, "commit"=>"Create Micropost"}
  [1m[35m (0.1ms)[0m  [1m[36mbegin transaction[0m
  ↳ app/controllers/microposts_controller.rb:30
  [1m[36mMicropost Create (0.8ms)[0m  [1m[32mINSERT INTO "microposts" ("content", "user_id", "created_at", "updated_at") VALUES (?, ?, ?, ?)[0m  [["content", "a"], ["user_id", 1], ["created_at", "2018-09-26 17:10:49.520402"], ["updated_at", "2018-09-26 17:10:49.520402"]]
  ↳ app/controllers/microposts_controller.rb:30
  [1m[35m (96.7ms)[0m  [1m[36mcommit transaction[0m
  ↳ app/controllers/microposts_controller.rb:30
Redirected to http://localhost:3000/microposts/1
Completed 302 Found in 104ms (ActiveRecord: 97.6ms)


Started GET "/microposts/1" for 127.0.0.1 at 2018-09-27 00:10:49 +0700
Processing by MicropostsController#show as HTML
  Parameters: {"id"=>"1"}
  [1m[36mMicropost Load (0.2ms)[0m  [1m[34mSELECT  "microposts".* FROM "microposts" WHERE "microposts"."id" = ? LIMIT ?[0m  [["id", 1], ["LIMIT", 1]]
  ↳ app/controllers/microposts_controller.rb:67
  Rendering microposts/show.html.erb within layouts/application
  Rendered microposts/show.html.erb within layouts/application (0.9ms)
Completed 200 OK in 26ms (Views: 22.3ms | ActiveRecord: 0.2ms)


Started GET "/microposts/1" for 127.0.0.1 at 2018-09-27 00:12:47 +0700
Processing by MicropostsController#show as HTML
  Parameters: {"id"=>"1"}
  [1m[36mMicropost Load (0.2ms)[0m  [1m[34mSELECT  "microposts".* FROM "microposts" WHERE "microposts"."id" = ? LIMIT ?[0m  [["id", 1], ["LIMIT", 1]]
  ↳ app/controllers/microposts_controller.rb:67
  Rendering microposts/show.html.erb within layouts/application
  Rendered microposts/show.html.erb within layouts/application (0.9ms)
Completed 200 OK in 43ms (Views: 26.3ms | ActiveRecord: 1.8ms)


Started GET "/microposts/1" for 127.0.0.1 at 2018-09-27 00:38:25 +0700
Processing by MicropostsController#show as HTML
  Parameters: {"id"=>"1"}
  [1m[36mMicropost Load (0.2ms)[0m  [1m[34mSELECT  "microposts".* FROM "microposts" WHERE "microposts"."id" = ? LIMIT ?[0m  [["id", 1], ["LIMIT", 1]]
  ↳ app/controllers/microposts_controller.rb:67
  Rendering microposts/show.html.erb within layouts/application
  Rendered microposts/show.html.erb within layouts/application (15.5ms)
Completed 200 OK in 452ms (Views: 311.4ms | ActiveRecord: 1.2ms)


Started GET "/microposts/1/edit" for 127.0.0.1 at 2018-09-27 00:38:28 +0700
Processing by MicropostsController#edit as HTML
  Parameters: {"id"=>"1"}
  [1m[36mMicropost Load (0.3ms)[0m  [1m[34mSELECT  "microposts".* FROM "microposts" WHERE "microposts"."id" = ? LIMIT ?[0m  [["id", 1], ["LIMIT", 1]]
  ↳ app/controllers/microposts_controller.rb:67
  Rendering microposts/edit.html.erb within layouts/application
  Rendered microposts/_form.html.erb (1.7ms)
  Rendered microposts/edit.html.erb within layouts/application (441.4ms)
Completed 500 Internal Server Error in 448ms (ActiveRecord: 0.3ms)


  
SyntaxError (/home/kieuthuong/Desktop/Rubybaitaptuan/week3/demo_app/app/views/microposts/_form.html.erb:23: formal argument cannot be a constant
;       User.all.each do |User|
                              ^
/home/kieuthuong/Desktop/Rubybaitaptuan/week3/demo_app/app/views/microposts/_form.html.erb:34: syntax error, unexpected keyword_ensure, expecting keyword_end
          ensure
                ^):
  
app/views/microposts/_form.html.erb:23: formal argument cannot be a constant
app/views/microposts/_form.html.erb:34: syntax error, unexpected keyword_ensure, expecting keyword_end
app/views/microposts/edit.html.erb:3:in `_app_views_microposts_edit_html_erb__2339473510114997384_70184169069000'
Started GET "/microposts/1/edit" for 127.0.0.1 at 2018-09-27 00:40:04 +0700
Processing by MicropostsController#edit as HTML
  Parameters: {"id"=>"1"}
  [1m[36mMicropost Load (0.3ms)[0m  [1m[34mSELECT  "microposts".* FROM "microposts" WHERE "microposts"."id" = ? LIMIT ?[0m  [["id", 1], ["LIMIT", 1]]
  ↳ app/controllers/microposts_controller.rb:67
  Rendering microposts/edit.html.erb within layouts/application
  Rendered microposts/_form.html.erb (2.6ms)
  Rendered microposts/edit.html.erb within layouts/application (5.8ms)
Completed 500 Internal Server Error in 11ms (ActiveRecord: 0.3ms)


  
SyntaxError (/home/kieuthuong/Desktop/Rubybaitaptuan/week3/demo_app/app/views/microposts/_form.html.erb:34: syntax error, unexpected keyword_ensure, expecting keyword_end
          ensure
                ^):
  
app/views/microposts/_form.html.erb:34: syntax error, unexpected keyword_ensure, expecting keyword_end
app/views/microposts/edit.html.erb:3:in `_app_views_microposts_edit_html_erb__2339473510114997384_70184179384180'
Started GET "/microposts/1/edit" for 127.0.0.1 at 2018-09-27 00:40:35 +0700
Processing by MicropostsController#edit as HTML
  Parameters: {"id"=>"1"}
  [1m[36mMicropost Load (0.2ms)[0m  [1m[34mSELECT  "microposts".* FROM "microposts" WHERE "microposts"."id" = ? LIMIT ?[0m  [["id", 1], ["LIMIT", 1]]
  ↳ app/controllers/microposts_controller.rb:67
  Rendering microposts/edit.html.erb within layouts/application
  Rendered microposts/_form.html.erb (145.1ms)
  Rendered microposts/edit.html.erb within layouts/application (147.0ms)
Completed 500 Internal Server Error in 152ms (ActiveRecord: 0.2ms)


  
ActionView::Template::Error (uninitialized constant User::FILL_IN):
    20:     <%= form.label :user_id %>
    21:     <%= form.number_field :user_id %>
    22:     <select name"micropost[user_id]">
    23:       <% User.all.each do |user|%>
    24:         <option value"<%= user_id%>"><%= user_name%></option>
    25:       <% end %>
    26:     </select>
  
app/models/user.rb:3:in `<class:User>'
app/models/user.rb:1:in `<main>'
app/views/microposts/_form.html.erb:23:in `block in _app_views_microposts__form_html_erb__1645630689804767802_70184179704540'
app/views/microposts/_form.html.erb:1:in `_app_views_microposts__form_html_erb__1645630689804767802_70184179704540'
app/views/microposts/edit.html.erb:3:in `_app_views_microposts_edit_html_erb__2339473510114997384_70184179741380'
Started GET "/microposts/1/edit" for 127.0.0.1 at 2018-09-27 00:41:12 +0700
Processing by MicropostsController#edit as HTML
  Parameters: {"id"=>"1"}
  [1m[36mMicropost Load (0.2ms)[0m  [1m[34mSELECT  "microposts".* FROM "microposts" WHERE "microposts"."id" = ? LIMIT ?[0m  [["id", 1], ["LIMIT", 1]]
  ↳ app/controllers/microposts_controller.rb:67
  Rendering microposts/edit.html.erb within layouts/application
  [1m[36mUser Load (0.2ms)[0m  [1m[34mSELECT "users".* FROM "users"[0m
  ↳ app/views/microposts/_form.html.erb:23
  Rendered microposts/_form.html.erb (8.3ms)
  Rendered microposts/edit.html.erb within layouts/application (10.4ms)
Completed 200 OK in 50ms (Views: 33.4ms | ActiveRecord: 1.6ms)


Started PATCH "/microposts/1" for 127.0.0.1 at 2018-09-27 00:41:15 +0700
Processing by MicropostsController#update as HTML
  Parameters: {"utf8"=>"✓", "authenticity_token"=>"jad14pgefbdKK9pc/DpqQTedPAIWhvqnf3Qj3BbBhE4AKeQ4x+SFcmXSGP5/NR0KAbGiyP1iMlDiMUKHqAy8kA==", "micropost"=>{"content"=>"a", "user_id"=>"1"}, "commit"=>"Update Micropost", "id"=>"1"}
  [1m[36mMicropost Load (0.3ms)[0m  [1m[34mSELECT  "microposts".* FROM "microposts" WHERE "microposts"."id" = ? LIMIT ?[0m  [["id", 1], ["LIMIT", 1]]
  ↳ app/controllers/microposts_controller.rb:67
  [1m[35m (0.1ms)[0m  [1m[36mbegin transaction[0m
  ↳ app/controllers/microposts_controller.rb:44
  [1m[36mUser Load (0.2ms)[0m  [1m[34mSELECT  "users".* FROM "users" WHERE "users"."id" = ? LIMIT ?[0m  [["id", 1], ["LIMIT", 1]]
  ↳ app/controllers/microposts_controller.rb:44
  [1m[35m (0.3ms)[0m  [1m[31mrollback transaction[0m
  ↳ app/controllers/microposts_controller.rb:44
  Rendering microposts/edit.html.erb within layouts/application
  [1m[36mUser Load (0.2ms)[0m  [1m[34mSELECT "users".* FROM "users"[0m
  ↳ app/views/microposts/_form.html.erb:23
  Rendered microposts/_form.html.erb (3.3ms)
  Rendered microposts/edit.html.erb within layouts/application (4.6ms)
Completed 200 OK in 98ms (Views: 25.2ms | ActiveRecord: 1.5ms)


Started PATCH "/microposts/1" for 127.0.0.1 at 2018-09-27 00:41:35 +0700
Processing by MicropostsController#update as HTML
  Parameters: {"utf8"=>"✓", "authenticity_token"=>"g31jX64za1BoLj+LfxFSY8VtVY9NQicAB2mRptGxnkEO8/KF8cmTlUfX/Sn8HiUo80HLRaam7/eaLPD9b3ymnw==", "micropost"=>{"content"=>"thuong", "user_id"=>"6"}, "commit"=>"Update Micropost", "id"=>"1"}
  [1m[36mMicropost Load (0.2ms)[0m  [1m[34mSELECT  "microposts".* FROM "microposts" WHERE "microposts"."id" = ? LIMIT ?[0m  [["id", 1], ["LIMIT", 1]]
  ↳ app/controllers/microposts_controller.rb:67
  [1m[35m (0.1ms)[0m  [1m[36mbegin transaction[0m
  ↳ app/controllers/microposts_controller.rb:44
  [1m[36mUser Load (0.1ms)[0m  [1m[34mSELECT  "users".* FROM "users" WHERE "users"."id" = ? LIMIT ?[0m  [["id", 6], ["LIMIT", 1]]
  ↳ app/controllers/microposts_controller.rb:44
  [1m[35m (0.1ms)[0m  [1m[31mrollback transaction[0m
  ↳ app/controllers/microposts_controller.rb:44
  Rendering microposts/edit.html.erb within layouts/application
  [1m[36mUser Load (0.2ms)[0m  [1m[34mSELECT "users".* FROM "users"[0m
  ↳ app/views/microposts/_form.html.erb:23
  Rendered microposts/_form.html.erb (5.1ms)
  Rendered microposts/edit.html.erb within layouts/application (7.2ms)
Completed 200 OK in 35ms (Views: 30.0ms | ActiveRecord: 0.6ms)


Started PATCH "/microposts/1" for 127.0.0.1 at 2018-09-27 00:41:36 +0700
Processing by MicropostsController#update as HTML
  Parameters: {"utf8"=>"✓", "authenticity_token"=>"MDreifPxGpayxad0oU4yhap8OcQC74FWKY7b1XngXmu9tE9TrAviU508ZdYiQUXOnFCnDukLSaG0y7qOxy1mtQ==", "micropost"=>{"content"=>"thuong", "user_id"=>"6"}, "commit"=>"Update Micropost", "id"=>"1"}
  [1m[36mMicropost Load (0.1ms)[0m  [1m[34mSELECT  "microposts".* FROM "microposts" WHERE "microposts"."id" = ? LIMIT ?[0m  [["id", 1], ["LIMIT", 1]]
  ↳ app/controllers/microposts_controller.rb:67
  [1m[35m (0.1ms)[0m  [1m[36mbegin transaction[0m
  ↳ app/controllers/microposts_controller.rb:44
  [1m[36mUser Load (0.2ms)[0m  [1m[34mSELECT  "users".* FROM "users" WHERE "users"."id" = ? LIMIT ?[0m  [["id", 6], ["LIMIT", 1]]
  ↳ app/controllers/microposts_controller.rb:44
  [1m[35m (0.1ms)[0m  [1m[31mrollback transaction[0m
  ↳ app/controllers/microposts_controller.rb:44
  Rendering microposts/edit.html.erb within layouts/application
  [1m[36mUser Load (0.2ms)[0m  [1m[34mSELECT "users".* FROM "users"[0m
  ↳ app/views/microposts/_form.html.erb:23
  Rendered microposts/_form.html.erb (3.6ms)
  Rendered microposts/edit.html.erb within layouts/application (5.2ms)
Completed 200 OK in 35ms (Views: 28.2ms | ActiveRecord: 0.7ms)


Started PATCH "/microposts/1" for 127.0.0.1 at 2018-09-27 00:41:37 +0700
Processing by MicropostsController#update as HTML
  Parameters: {"utf8"=>"✓", "authenticity_token"=>"M5uLXd87XB47akSsuz4EqoclJd+g2xrAvFYIduI2W/a+FRqHgMGk2xSThg44MXPhsQm7FUs/0jchE2ktXPtjKA==", "micropost"=>{"content"=>"thuong", "user_id"=>"6"}, "commit"=>"Update Micropost", "id"=>"1"}
  [1m[36mMicropost Load (0.2ms)[0m  [1m[34mSELECT  "microposts".* FROM "microposts" WHERE "microposts"."id" = ? LIMIT ?[0m  [["id", 1], ["LIMIT", 1]]
  ↳ app/controllers/microposts_controller.rb:67
  [1m[35m (0.1ms)[0m  [1m[36mbegin transaction[0m
  ↳ app/controllers/microposts_controller.rb:44
  [1m[36mUser Load (0.1ms)[0m  [1m[34mSELECT  "users".* FROM "users" WHERE "users"."id" = ? LIMIT ?[0m  [["id", 6], ["LIMIT", 1]]
  ↳ app/controllers/microposts_controller.rb:44
  [1m[35m (0.1ms)[0m  [1m[31mrollback transaction[0m
  ↳ app/controllers/microposts_controller.rb:44
  Rendering microposts/edit.html.erb within layouts/application
  [1m[36mUser Load (0.2ms)[0m  [1m[34mSELECT "users".* FROM "users"[0m
  ↳ app/views/microposts/_form.html.erb:23
  Rendered microposts/_form.html.erb (3.6ms)
  Rendered microposts/edit.html.erb within layouts/application (5.1ms)
Completed 200 OK in 42ms (Views: 37.0ms | ActiveRecord: 0.6ms)


Started GET "/microposts/1" for 127.0.0.1 at 2018-09-27 00:41:38 +0700
Processing by MicropostsController#show as HTML
  Parameters: {"id"=>"1"}
  [1m[36mMicropost Load (0.4ms)[0m  [1m[34mSELECT  "microposts".* FROM "microposts" WHERE "microposts"."id" = ? LIMIT ?[0m  [["id", 1], ["LIMIT", 1]]
  ↳ app/controllers/microposts_controller.rb:67
  Rendering microposts/show.html.erb within layouts/application
  Rendered microposts/show.html.erb within layouts/application (1.2ms)
Completed 200 OK in 26ms (Views: 22.0ms | ActiveRecord: 0.4ms)


Started GET "/microposts/1" for 127.0.0.1 at 2018-09-27 00:42:37 +0700
Processing by MicropostsController#show as HTML
  Parameters: {"id"=>"1"}
  [1m[36mMicropost Load (0.2ms)[0m  [1m[34mSELECT  "microposts".* FROM "microposts" WHERE "microposts"."id" = ? LIMIT ?[0m  [["id", 1], ["LIMIT", 1]]
  ↳ app/controllers/microposts_controller.rb:67
  Rendering microposts/show.html.erb within layouts/application
  Rendered microposts/show.html.erb within layouts/application (1.0ms)
Completed 200 OK in 41ms (Views: 23.5ms | ActiveRecord: 1.0ms)


Started GET "/microposts/1/edit" for 127.0.0.1 at 2018-09-27 00:42:40 +0700
Processing by MicropostsController#edit as HTML
  Parameters: {"id"=>"1"}
  [1m[36mMicropost Load (0.6ms)[0m  [1m[34mSELECT  "microposts".* FROM "microposts" WHERE "microposts"."id" = ? LIMIT ?[0m  [["id", 1], ["LIMIT", 1]]
  ↳ app/controllers/microposts_controller.rb:67
  Rendering microposts/edit.html.erb within layouts/application
  [1m[36mUser Load (0.2ms)[0m  [1m[34mSELECT "users".* FROM "users"[0m
  ↳ app/views/microposts/_form.html.erb:23
  Rendered microposts/_form.html.erb (8.5ms)
  Rendered microposts/edit.html.erb within layouts/application (10.0ms)
Completed 200 OK in 38ms (Views: 33.5ms | ActiveRecord: 1.1ms)


Started GET "/microposts" for 127.0.0.1 at 2018-09-27 00:42:43 +0700
Processing by MicropostsController#index as HTML
  Rendering microposts/index.html.erb within layouts/application
  [1m[36mMicropost Load (0.2ms)[0m  [1m[34mSELECT "microposts".* FROM "microposts"[0m
  ↳ app/views/microposts/index.html.erb:15
  Rendered microposts/index.html.erb within layouts/application (2.3ms)
Completed 200 OK in 29ms (Views: 27.1ms | ActiveRecord: 0.2ms)


Started GET "/microposts" for 127.0.0.1 at 2018-09-27 00:44:40 +0700
Processing by MicropostsController#index as HTML
  Rendering microposts/index.html.erb within layouts/application
  [1m[36mMicropost Load (0.2ms)[0m  [1m[34mSELECT "microposts".* FROM "microposts"[0m
  ↳ app/views/microposts/index.html.erb:15
  Rendered microposts/index.html.erb within layouts/application (12.1ms)
Completed 500 Internal Server Error in 17ms (ActiveRecord: 0.2ms)


  
ActionView::Template::Error (undefined method `user_name' for #<Micropost:0x007faa0d1391b0>
Did you mean?  user_id_change):
    15:     <% @microposts.each do |micropost| %>
    16:       <tr>
    17:         <td><%= micropost.content %></td>
    18:         <td><%= micropost.user_name %></td>
    19:         <td><%= link_to 'Show', micropost %></td>
    20:         <td><%= link_to 'Edit', edit_micropost_path(micropost) %></td>
    21:         <td><%= link_to 'Destroy', micropost, method: :delete, data: { confirm: 'Are you sure?' } %></td>
  
app/views/microposts/index.html.erb:18:in `block in _app_views_microposts_index_html_erb__1775084198321862335_70184170499300'
app/views/microposts/index.html.erb:15:in `_app_views_microposts_index_html_erb__1775084198321862335_70184170499300'
Started GET "/microposts" for 127.0.0.1 at 2018-09-27 00:44:57 +0700
Processing by MicropostsController#index as HTML
  Rendering microposts/index.html.erb within layouts/application
  [1m[36mMicropost Load (0.2ms)[0m  [1m[34mSELECT "microposts".* FROM "microposts"[0m
  ↳ app/views/microposts/index.html.erb:15
  Rendered microposts/index.html.erb within layouts/application (1.9ms)
Completed 200 OK in 26ms (Views: 24.5ms | ActiveRecord: 0.2ms)


Started GET "/Users" for 127.0.0.1 at 2018-09-27 00:59:47 +0700
  [1m[35m (0.2ms)[0m  [1m[34mSELECT "schema_migrations"."version" FROM "schema_migrations" ORDER BY "schema_migrations"."version" ASC[0m
  ↳ /home/kieuthuong/.rvm/gems/ruby-2.4.0/gems/activerecord-5.2.1/lib/active_record/log_subscriber.rb:98
  
ActionController::RoutingError (No route matches [GET] "/Users"):
  
actionpack (5.2.1) lib/action_dispatch/middleware/debug_exceptions.rb:65:in `call'
web-console (3.6.2) lib/web_console/middleware.rb:135:in `call_app'
web-console (3.6.2) lib/web_console/middleware.rb:30:in `block in call'
web-console (3.6.2) lib/web_console/middleware.rb:20:in `catch'
web-console (3.6.2) lib/web_console/middleware.rb:20:in `call'
actionpack (5.2.1) lib/action_dispatch/middleware/show_exceptions.rb:33:in `call'
railties (5.2.1) lib/rails/rack/logger.rb:38:in `call_app'
railties (5.2.1) lib/rails/rack/logger.rb:26:in `block in call'
activesupport (5.2.1) lib/active_support/tagged_logging.rb:71:in `block in tagged'
activesupport (5.2.1) lib/active_support/tagged_logging.rb:28:in `tagged'
activesupport (5.2.1) lib/active_support/tagged_logging.rb:71:in `tagged'
railties (5.2.1) lib/rails/rack/logger.rb:26:in `call'
sprockets-rails (3.2.1) lib/sprockets/rails/quiet_assets.rb:13:in `call'
actionpack (5.2.1) lib/action_dispatch/middleware/remote_ip.rb:81:in `call'
actionpack (5.2.1) lib/action_dispatch/middleware/request_id.rb:27:in `call'
rack (2.0.5) lib/rack/method_override.rb:22:in `call'
rack (2.0.5) lib/rack/runtime.rb:22:in `call'
activesupport (5.2.1) lib/active_support/cache/strategy/local_cache_middleware.rb:29:in `call'
actionpack (5.2.1) lib/action_dispatch/middleware/executor.rb:14:in `call'
actionpack (5.2.1) lib/action_dispatch/middleware/static.rb:127:in `call'
rack (2.0.5) lib/rack/sendfile.rb:111:in `call'
railties (5.2.1) lib/rails/engine.rb:524:in `call'
puma (3.12.0) lib/puma/configuration.rb:225:in `call'
puma (3.12.0) lib/puma/server.rb:658:in `handle_request'
puma (3.12.0) lib/puma/server.rb:472:in `process_client'
puma (3.12.0) lib/puma/server.rb:332:in `block in run'
puma (3.12.0) lib/puma/thread_pool.rb:133:in `block in spawn_thread'
Started GET "/users" for 127.0.0.1 at 2018-09-27 01:00:18 +0700
Processing by UsersController#index as HTML
  Rendering users/index.html.erb within layouts/application
  [1m[36mUser Load (0.8ms)[0m  [1m[34mSELECT "users".* FROM "users"[0m
  ↳ app/views/users/index.html.erb:15
  Rendered users/index.html.erb within layouts/application (4.2ms)
Completed 200 OK in 406ms (Views: 385.2ms | ActiveRecord: 1.2ms)


Started GET "/users/new" for 127.0.0.1 at 2018-09-27 01:00:21 +0700
Processing by UsersController#new as HTML
  Rendering users/new.html.erb within layouts/application
  Rendered users/_form.html.erb (33.0ms)
  Rendered users/new.html.erb within layouts/application (34.7ms)
Completed 200 OK in 524ms (Views: 82.1ms | ActiveRecord: 0.5ms)


Started POST "/users" for 127.0.0.1 at 2018-09-27 01:00:27 +0700
Processing by UsersController#create as HTML
  Parameters: {"utf8"=>"✓", "authenticity_token"=>"aV6eNUzBDeX1Lgdd21vZ4vgvGYtoe9QKDPPrwdk+2jNouwg+Afar1ql7N/ZVmt2H4lYIBh/1kDD5cgl4zAURBw==", "user"=>{"name"=>"dsfx", "email"=>"duc@gmail.com"}, "commit"=>"Create User"}
  [1m[35m (0.1ms)[0m  [1m[36mbegin transaction[0m
  ↳ app/controllers/users_controller.rb:30
  [1m[36mUser Create (12.8ms)[0m  [1m[32mINSERT INTO "users" ("name", "email", "created_at", "updated_at") VALUES (?, ?, ?, ?)[0m  [["name", "dsfx"], ["email", "duc@gmail.com"], ["created_at", "2018-09-26 18:00:27.508345"], ["updated_at", "2018-09-26 18:00:27.508345"]]
  ↳ app/controllers/users_controller.rb:30
  [1m[35m (89.7ms)[0m  [1m[36mcommit transaction[0m
  ↳ app/controllers/users_controller.rb:30
Redirected to http://localhost:3000/users/1
Completed 302 Found in 113ms (ActiveRecord: 102.6ms)


Started GET "/users/1" for 127.0.0.1 at 2018-09-27 01:00:27 +0700
Processing by UsersController#show as HTML
  Parameters: {"id"=>"1"}
  [1m[36mUser Load (0.3ms)[0m  [1m[34mSELECT  "users".* FROM "users" WHERE "users"."id" = ? LIMIT ?[0m  [["id", 1], ["LIMIT", 1]]
  ↳ app/controllers/users_controller.rb:67
  Rendering users/show.html.erb within layouts/application
  [1m[36mMicropost Load (0.2ms)[0m  [1m[34mSELECT "microposts".* FROM "microposts" WHERE "microposts"."user_id" = ?[0m  [["user_id", 1]]
  ↳ app/views/users/show.html.erb:14
  Rendered users/show.html.erb within layouts/application (93.3ms)
Completed 200 OK in 142ms (Views: 121.6ms | ActiveRecord: 1.7ms)


Started GET "/users/1/edit" for 127.0.0.1 at 2018-09-27 01:00:35 +0700
Processing by UsersController#edit as HTML
  Parameters: {"id"=>"1"}
  [1m[36mUser Load (0.4ms)[0m  [1m[34mSELECT  "users".* FROM "users" WHERE "users"."id" = ? LIMIT ?[0m  [["id", 1], ["LIMIT", 1]]
  ↳ app/controllers/users_controller.rb:67
  Rendering users/edit.html.erb within layouts/application
  Rendered users/_form.html.erb (2.3ms)
  Rendered users/edit.html.erb within layouts/application (3.6ms)
Completed 200 OK in 349ms (Views: 24.8ms | ActiveRecord: 0.4ms)


Started GET "/users/1/edit" for 127.0.0.1 at 2018-09-27 01:01:58 +0700
Processing by UsersController#edit as HTML
  Parameters: {"id"=>"1"}
  [1m[36mUser Load (0.2ms)[0m  [1m[34mSELECT  "users".* FROM "users" WHERE "users"."id" = ? LIMIT ?[0m  [["id", 1], ["LIMIT", 1]]
  ↳ app/controllers/users_controller.rb:67
  Rendering users/edit.html.erb within layouts/application
  Rendered users/_form.html.erb (3.5ms)
  Rendered users/edit.html.erb within layouts/application (5.3ms)
Completed 200 OK in 31ms (Views: 28.8ms | ActiveRecord: 0.2ms)


Started GET "/users/1" for 127.0.0.1 at 2018-09-27 01:02:01 +0700
Processing by UsersController#show as HTML
  Parameters: {"id"=>"1"}
  [1m[36mUser Load (0.3ms)[0m  [1m[34mSELECT  "users".* FROM "users" WHERE "users"."id" = ? LIMIT ?[0m  [["id", 1], ["LIMIT", 1]]
  ↳ app/controllers/users_controller.rb:67
  Rendering users/show.html.erb within layouts/application
  [1m[36mMicropost Load (0.2ms)[0m  [1m[34mSELECT "microposts".* FROM "microposts" WHERE "microposts"."user_id" = ?[0m  [["user_id", 1]]
  ↳ app/views/users/show.html.erb:14
  Rendered users/show.html.erb within layouts/application (2.4ms)
Completed 200 OK in 32ms (Views: 28.2ms | ActiveRecord: 0.5ms)


Started GET "/users/1" for 127.0.0.1 at 2018-09-27 01:02:04 +0700
Processing by UsersController#show as HTML
  Parameters: {"id"=>"1"}
  [1m[36mUser Load (0.3ms)[0m  [1m[34mSELECT  "users".* FROM "users" WHERE "users"."id" = ? LIMIT ?[0m  [["id", 1], ["LIMIT", 1]]
  ↳ app/controllers/users_controller.rb:67
  Rendering users/show.html.erb within layouts/application
  [1m[36mMicropost Load (0.2ms)[0m  [1m[34mSELECT "microposts".* FROM "microposts" WHERE "microposts"."user_id" = ?[0m  [["user_id", 1]]
  ↳ app/views/users/show.html.erb:14
  Rendered users/show.html.erb within layouts/application (2.0ms)
Completed 200 OK in 25ms (Views: 22.4ms | ActiveRecord: 0.5ms)


Started GET "/microposts" for 127.0.0.1 at 2018-09-27 01:02:19 +0700
Processing by MicropostsController#index as HTML
  Rendering microposts/index.html.erb within layouts/application
  [1m[36mMicropost Load (0.2ms)[0m  [1m[34mSELECT "microposts".* FROM "microposts"[0m
  ↳ app/views/microposts/index.html.erb:15
  [1m[36mUser Load (0.2ms)[0m  [1m[34mSELECT  "users".* FROM "users" WHERE "users"."id" = ? LIMIT ?[0m  [["id", 1], ["LIMIT", 1]]
  ↳ app/views/microposts/index.html.erb:18
  Rendered microposts/index.html.erb within layouts/application (5.0ms)
Completed 200 OK in 30ms (Views: 27.8ms | ActiveRecord: 0.5ms)


Started GET "/" for 127.0.0.1 at 2018-12-20 23:36:06 +0700
  [1m[35m (0.2ms)[0m  [1m[34mSELECT "schema_migrations"."version" FROM "schema_migrations" ORDER BY "schema_migrations"."version" ASC[0m
  ↳ /home/thuong/.rvm/gems/ruby-2.5.3/gems/activerecord-5.2.1/lib/active_record/log_subscriber.rb:98
Processing by UsersController#index as HTML
  Rendering users/index.html.erb within layouts/application
  [1m[36mUser Load (0.2ms)[0m  [1m[34mSELECT "users".* FROM "users"[0m
  ↳ app/views/users/index.html.erb:15
  Rendered users/index.html.erb within layouts/application (10.9ms)
Completed 200 OK in 615ms (Views: 551.9ms | ActiveRecord: 0.9ms)


Started GET "/users/new" for 127.0.0.1 at 2018-12-20 23:36:12 +0700
Processing by UsersController#new as HTML
  Rendering users/new.html.erb within layouts/application
  Rendered users/_form.html.erb (23.0ms)
  Rendered users/new.html.erb within layouts/application (41.6ms)
Completed 200 OK in 66ms (Views: 63.4ms | ActiveRecord: 0.0ms)


  [1m[36mUser Load (0.2ms)[0m  [1m[34mSELECT  "users".* FROM "users" ORDER BY "users"."id" ASC LIMIT ?[0m  [["LIMIT", 1]]
  [1m[36mMicropost Load (0.2ms)[0m  [1m[34mSELECT  "microposts".* FROM "microposts" WHERE "microposts"."user_id" = ? LIMIT ?[0m  [["user_id", 1], ["LIMIT", 11]]
  [1m[36mMicropost Load (0.4ms)[0m  [1m[34mSELECT  "microposts".* FROM "microposts" WHERE "microposts"."user_id" = ? ORDER BY "microposts"."id" ASC LIMIT ?[0m  [["user_id", 1], ["LIMIT", 1]]
Started GET "/" for 127.0.0.1 at 2018-12-21 16:24:07 +0700
  [1m[35m (0.2ms)[0m  [1m[34mSELECT "schema_migrations"."version" FROM "schema_migrations" ORDER BY "schema_migrations"."version" ASC[0m
  ↳ /home/thuong/.rvm/gems/ruby-2.5.3/gems/activerecord-5.2.1/lib/active_record/log_subscriber.rb:98
Processing by UsersController#index as HTML
  Rendering users/index.html.erb within layouts/application
  [1m[36mUser Load (0.2ms)[0m  [1m[34mSELECT "users".* FROM "users"[0m
  ↳ app/views/users/index.html.erb:15
  Rendered users/index.html.erb within layouts/application (10.0ms)
Completed 200 OK in 449ms (Views: 423.7ms | ActiveRecord: 1.0ms)


Started GET "/" for 127.0.0.1 at 2018-12-21 16:24:21 +0700
Processing by UsersController#index as HTML
  Rendering users/index.html.erb within layouts/application
  [1m[36mUser Load (0.2ms)[0m  [1m[34mSELECT "users".* FROM "users"[0m
  ↳ app/views/users/index.html.erb:15
  Rendered users/index.html.erb within layouts/application (2.0ms)
Completed 200 OK in 55ms (Views: 53.8ms | ActiveRecord: 0.2ms)


Started GET "/users/new" for 127.0.0.1 at 2018-12-21 16:26:14 +0700
Processing by UsersController#new as HTML
Completed 500 Internal Server Error in 11ms (ActiveRecord: 0.0ms)


  
NameError (uninitialized constant User::FILL_IN):
  
app/models/user.rb:3:in `<class:User>'
app/models/user.rb:1:in `<main>'
app/controllers/users_controller.rb:17:in `new'
Started GET "/users/new" for 127.0.0.1 at 2018-12-21 16:29:19 +0700
Processing by UsersController#new as HTML
  Rendering users/new.html.erb within layouts/application
  Rendered users/_form.html.erb (59.6ms)
  Rendered users/new.html.erb within layouts/application (62.9ms)
Completed 200 OK in 115ms (Views: 86.5ms | ActiveRecord: 0.8ms)


Started POST "/users" for 127.0.0.1 at 2018-12-21 16:29:26 +0700
Processing by UsersController#create as HTML
  Parameters: {"utf8"=>"✓", "authenticity_token"=>"w8K4A9j/ee05LLauKDsQx9P5ThhVB6LX9Hh0sG0K0QqNY57qqr1n1TnG8OYnqdBn7VtEhEffAVhSmLjfyXx6Qg==", "user"=>{"name"=>"thong", "email"=>"s"}, "commit"=>"Create User"}
  [1m[35m (0.1ms)[0m  [1m[36mbegin transaction[0m
  ↳ app/controllers/users_controller.rb:30
  [1m[36mUser Create (1.0ms)[0m  [1m[32mINSERT INTO "users" ("name", "email", "created_at", "updated_at") VALUES (?, ?, ?, ?)[0m  [["name", "thong"], ["email", "s"], ["created_at", "2018-12-21 09:29:26.762090"], ["updated_at", "2018-12-21 09:29:26.762090"]]
  ↳ app/controllers/users_controller.rb:30
  [1m[35m (114.1ms)[0m  [1m[36mcommit transaction[0m
  ↳ app/controllers/users_controller.rb:30
Redirected to http://0.0.0.0:3000/users/2
Completed 302 Found in 120ms (ActiveRecord: 115.2ms)


Started GET "/users/2" for 127.0.0.1 at 2018-12-21 16:29:26 +0700
Processing by UsersController#show as HTML
  Parameters: {"id"=>"2"}
  [1m[36mUser Load (0.3ms)[0m  [1m[34mSELECT  "users".* FROM "users" WHERE "users"."id" = ? LIMIT ?[0m  [["id", 2], ["LIMIT", 1]]
  ↳ app/controllers/users_controller.rb:67
  Rendering users/show.html.erb within layouts/application
  [1m[36mMicropost Load (0.6ms)[0m  [1m[34mSELECT "microposts".* FROM "microposts" WHERE "microposts"."user_id" = ?[0m  [["user_id", 2]]
  ↳ app/views/users/show.html.erb:14
  Rendered users/show.html.erb within layouts/application (24.6ms)
Completed 200 OK in 73ms (Views: 49.5ms | ActiveRecord: 1.4ms)


Started POST "/users" for 127.0.0.1 at 2018-12-21 16:30:10 +0700
Processing by UsersController#create as HTML
  Parameters: {"utf8"=>"✓", "authenticity_token"=>"w8K4A9j/ee05LLauKDsQx9P5ThhVB6LX9Hh0sG0K0QqNY57qqr1n1TnG8OYnqdBn7VtEhEffAVhSmLjfyXx6Qg==", "user"=>{"name"=>"", "email"=>""}, "commit"=>"Create User"}
  [1m[35m (0.1ms)[0m  [1m[36mbegin transaction[0m
  ↳ app/controllers/users_controller.rb:30
  [1m[35m (0.1ms)[0m  [1m[31mrollback transaction[0m
  ↳ app/controllers/users_controller.rb:30
  Rendering users/new.html.erb within layouts/application
  Rendered users/_form.html.erb (5.2ms)
  Rendered users/new.html.erb within layouts/application (7.2ms)
Completed 200 OK in 35ms (Views: 31.4ms | ActiveRecord: 0.1ms)


Started POST "/users" for 127.0.0.1 at 2018-12-21 16:30:22 +0700
Processing by UsersController#create as HTML
  Parameters: {"utf8"=>"✓", "authenticity_token"=>"nzzQs3gvcNYcV+L7aRUlY3x39t73b4aIDBwbNCyBbWzRnfZaCm1u7hy9pLNmh+XDQtX8QuW3JQeq/NdbiPfGJA==", "user"=>{"name"=>"Thuong", "email"=>"kieuthuong@gmail.com"}, "commit"=>"Create User"}
  [1m[35m (0.1ms)[0m  [1m[36mbegin transaction[0m
  ↳ app/controllers/users_controller.rb:30
  [1m[36mUser Create (0.3ms)[0m  [1m[32mINSERT INTO "users" ("name", "email", "created_at", "updated_at") VALUES (?, ?, ?, ?)[0m  [["name", "Thuong"], ["email", "kieuthuong@gmail.com"], ["created_at", "2018-12-21 09:30:22.517198"], ["updated_at", "2018-12-21 09:30:22.517198"]]
  ↳ app/controllers/users_controller.rb:30
  [1m[35m (119.2ms)[0m  [1m[36mcommit transaction[0m
  ↳ app/controllers/users_controller.rb:30
Redirected to http://0.0.0.0:3000/users/3
Completed 302 Found in 124ms (ActiveRecord: 119.6ms)


Started GET "/users/3" for 127.0.0.1 at 2018-12-21 16:30:22 +0700
Processing by UsersController#show as HTML
  Parameters: {"id"=>"3"}
  [1m[36mUser Load (0.2ms)[0m  [1m[34mSELECT  "users".* FROM "users" WHERE "users"."id" = ? LIMIT ?[0m  [["id", 3], ["LIMIT", 1]]
  ↳ app/controllers/users_controller.rb:67
  Rendering users/show.html.erb within layouts/application
  [1m[36mMicropost Load (0.2ms)[0m  [1m[34mSELECT "microposts".* FROM "microposts" WHERE "microposts"."user_id" = ?[0m  [["user_id", 3]]
  ↳ app/views/users/show.html.erb:14
  Rendered users/show.html.erb within layouts/application (3.0ms)
Completed 200 OK in 33ms (Views: 30.3ms | ActiveRecord: 0.4ms)


Started GET "/users" for 127.0.0.1 at 2018-12-21 16:30:31 +0700
Processing by UsersController#index as HTML
  Rendering users/index.html.erb within layouts/application
  [1m[36mUser Load (0.3ms)[0m  [1m[34mSELECT "users".* FROM "users"[0m
  ↳ app/views/users/index.html.erb:15
  Rendered users/index.html.erb within layouts/application (3.8ms)
Completed 200 OK in 32ms (Views: 30.5ms | ActiveRecord: 0.3ms)


Started DELETE "/users/2" for 127.0.0.1 at 2018-12-21 16:30:36 +0700
Processing by UsersController#destroy as HTML
  Parameters: {"authenticity_token"=>"ZWr07/X8NwgjPLgFQDxgNIWXGY96zWe3BqTVrNYxFQMry9IGh74pMCPW/k1PrqCUuzUTE2gVxDigRBnDcke+Sw==", "id"=>"2"}
  [1m[36mUser Load (0.1ms)[0m  [1m[34mSELECT  "users".* FROM "users" WHERE "users"."id" = ? LIMIT ?[0m  [["id", 2], ["LIMIT", 1]]
  ↳ app/controllers/users_controller.rb:67
  [1m[35m (0.1ms)[0m  [1m[36mbegin transaction[0m
  ↳ app/controllers/users_controller.rb:57
  [1m[36mUser Destroy (1.7ms)[0m  [1m[31mDELETE FROM "users" WHERE "users"."id" = ?[0m  [["id", 2]]
  ↳ app/controllers/users_controller.rb:57
  [1m[35m (102.6ms)[0m  [1m[36mcommit transaction[0m
  ↳ app/controllers/users_controller.rb:57
Redirected to http://0.0.0.0:3000/users
Completed 302 Found in 108ms (ActiveRecord: 104.5ms)


Started GET "/users" for 127.0.0.1 at 2018-12-21 16:30:36 +0700
Processing by UsersController#index as HTML
  Rendering users/index.html.erb within layouts/application
  [1m[36mUser Load (0.2ms)[0m  [1m[34mSELECT "users".* FROM "users"[0m
  ↳ app/views/users/index.html.erb:15
  Rendered users/index.html.erb within layouts/application (2.3ms)
Completed 200 OK in 32ms (Views: 30.8ms | ActiveRecord: 0.2ms)


